<?xml version="1.0" encoding="UTF-8"?>
<robot generator="Robot 3.2.2 (Python 3.9.1 on win32)" generated="20210325 11:03:12.575" rpa="false">
<suite id="s1" name="OpenEmr" source="D:\B-Mine\Company\Company\Ericsson\robot_workpace\OpenEmr">
<suite id="s1-s1" name="LoginSuite" source="D:\B-Mine\Company\Company\Ericsson\robot_workpace\OpenEmr\LoginSuite">
<suite id="s1-s1-s1" name="Invalid Credential Tests" source="D:\B-Mine\Company\Company\Ericsson\robot_workpace\OpenEmr\LoginSuite\invalid_credential_tests.robot">
<test id="s1-s1-s1-t1" name="TC1">
<kw name="Launch_Browser" library="common_functionality" type="setup">
<kw name="Append To Environment Variable" library="OperatingSystem">
<doc>Appends given ``values`` to environment variable ``name``.</doc>
<arguments>
<arg>PATH</arg>
<arg>${EXECDIR}${/}driver</arg>
</arguments>
<msg timestamp="20210325 11:03:12.943" level="INFO">Environment variable 'PATH' set to value 'C:/Users/JiDi/.p2/pool/plugins/org.eclipse.justj.openjdk.hotspot.jre.full.win32.x86_64_15.0.2.v20210201-0955/jre/bin/server;C:/Users/JiDi/.p2/pool/plugins/org.eclipse.justj.openjdk.hotspot.jre.full.win32.x86_64_15.0.2.v20210201-0955/jre/bin;C:\Program Files (x86)\Common Files\Oracle\Java\javapath;C:\WINDOWS\system32;C:\WINDOWS;C:\WINDOWS\System32\Wbem;C:\WINDOWS\System32\WindowsPowerShell\v1.0\;C:\WINDOWS\System32\OpenSSH\;C:\Program Files\Java\jdk1.8.0_281\bin;C:\Users\JiDi\AppData\Local\Android\Sdk\platform-tools;C:\Users\JiDi\AppData\Local\Android\Sdk\emulator;C:\Program Files\nodejs\;C:\Components\Maven\apache-maven-3.6.3\bin;C:\Program Files\Java\jdk1.8.0_281\bin;C:\Program Files\Git\cmd;C:\Program Files (x86)\Windows Kits\10\Windows Performance Toolkit\;C:\Program Files\Python39;C:\Program Files\Python39\Scripts;C:\Users\JiDi\AppData\Roaming\npm;;C:\Users\JiDi\Desktop;;D:\B-Mine\Company\Company\Ericsson\robot_workpace\OpenEmr\driver'.</msg>
<status status="PASS" starttime="20210325 11:03:12.943" endtime="20210325 11:03:12.944"></status>
</kw>
<kw name="Open Browser" library="SeleniumLibrary">
<doc>Opens a new browser instance to the optional ``url``.</doc>
<arguments>
<arg>browser=${BROWSER}</arg>
</arguments>
<msg timestamp="20210325 11:03:12.944" level="INFO">Opening browser 'chrome' to base url 'None'.</msg>
<status status="PASS" starttime="20210325 11:03:12.944" endtime="20210325 11:03:14.296"></status>
</kw>
<kw name="Maximize Browser Window" library="SeleniumLibrary">
<doc>Maximizes current browser window.</doc>
<status status="PASS" starttime="20210325 11:03:14.296" endtime="20210325 11:03:14.417"></status>
</kw>
<kw name="Go To" library="SeleniumLibrary">
<doc>Navigates the current browser window to the provided ``url``.</doc>
<arguments>
<arg>url=${URL}</arg>
</arguments>
<msg timestamp="20210325 11:03:14.419" level="INFO">Opening url 'https://demo.openemr.io/b/openemr/interface/login/login.php?site=default'</msg>
<status status="PASS" starttime="20210325 11:03:14.418" endtime="20210325 11:03:18.064"></status>
</kw>
<kw name="Set Selenium Implicit Wait" library="SeleniumLibrary">
<doc>Sets the implicit wait value used by Selenium.</doc>
<arguments>
<arg>30s</arg>
</arguments>
<status status="PASS" starttime="20210325 11:03:18.064" endtime="20210325 11:03:18.066"></status>
</kw>
<kw name="Set Selenium Timeout" library="SeleniumLibrary">
<doc>Sets the timeout that is used by various keywords.</doc>
<arguments>
<arg>50s</arg>
</arguments>
<status status="PASS" starttime="20210325 11:03:18.067" endtime="20210325 11:03:18.069"></status>
</kw>
<status status="PASS" starttime="20210325 11:03:12.942" endtime="20210325 11:03:18.069"></status>
</kw>
<kw name="Invalid_Credential_Template">
<arguments>
<arg>admin12</arg>
<arg>pass</arg>
<arg>English (Indian)</arg>
<arg>Invalid username or password</arg>
</arguments>
<kw name="Enter_Username" library="LoginPage">
<arguments>
<arg>${username}</arg>
</arguments>
<kw name="Input Text" library="SeleniumLibrary">
<doc>Types the given ``text`` into the text field identified by ``locator``.</doc>
<arguments>
<arg>${USERNAME_LOCATOR}</arg>
<arg>${username}</arg>
</arguments>
<msg timestamp="20210325 11:03:18.074" level="INFO">Typing text 'admin12' into text field 'xpath=//input[@id='authUser']'.</msg>
<status status="PASS" starttime="20210325 11:03:18.073" endtime="20210325 11:03:18.182"></status>
</kw>
<status status="PASS" starttime="20210325 11:03:18.071" endtime="20210325 11:03:18.183"></status>
</kw>
<kw name="Enter_Password" library="LoginPage">
<arguments>
<arg>${password}</arg>
</arguments>
<kw name="Input Password" library="SeleniumLibrary">
<doc>Types the given password into the text field identified by ``locator``.</doc>
<arguments>
<arg>${PASSWORD_LOCATOR}</arg>
<arg>${password}</arg>
</arguments>
<msg timestamp="20210325 11:03:18.184" level="INFO">Typing password into text field 'id=clearPass'.</msg>
<msg timestamp="20210325 11:03:18.232" level="INFO">Temporally setting log level to: NONE</msg>
<msg timestamp="20210325 11:03:18.292" level="INFO">Log level changed from NONE to INFO.</msg>
<status status="PASS" starttime="20210325 11:03:18.184" endtime="20210325 11:03:18.292"></status>
</kw>
<status status="PASS" starttime="20210325 11:03:18.183" endtime="20210325 11:03:18.293"></status>
</kw>
<kw name="Select_Language_Using_Label" library="LoginPage">
<arguments>
<arg>${language}</arg>
</arguments>
<kw name="Select From List By Label" library="SeleniumLibrary">
<doc>Selects options from selection list ``locator`` by ``labels``.</doc>
<arguments>
<arg>${LANGUAGE_LOCATOR}</arg>
<arg>${language}</arg>
</arguments>
<msg timestamp="20210325 11:03:18.294" level="INFO">Selecting options from selection list 'name=languageChoice' by label English (Indian).</msg>
<status status="PASS" starttime="20210325 11:03:18.293" endtime="20210325 11:03:18.387"></status>
</kw>
<status status="PASS" starttime="20210325 11:03:18.293" endtime="20210325 11:03:18.388"></status>
</kw>
<kw name="Click_Login" library="LoginPage">
<kw name="Click Element" library="SeleniumLibrary">
<doc>Click the element identified by ``locator``.</doc>
<arguments>
<arg>${LOGIN_LOCATOR}</arg>
</arguments>
<msg timestamp="20210325 11:03:18.390" level="INFO">Clicking element 'xpath=//button[@type='submit']'.</msg>
<status status="PASS" starttime="20210325 11:03:18.390" endtime="20210325 11:03:19.477"></status>
</kw>
<status status="PASS" starttime="20210325 11:03:18.388" endtime="20210325 11:03:19.478"></status>
</kw>
<kw name="Validate_Error_Message" library="LoginPage">
<arguments>
<arg>${expectedvalue}</arg>
</arguments>
<kw name="Element Should Contain" library="SeleniumLibrary">
<doc>Verifies that element ``locator`` contains text ``expected``.</doc>
<arguments>
<arg>${ERROR_LOCATOR}</arg>
<arg>${expectedvalue}</arg>
</arguments>
<msg timestamp="20210325 11:03:19.527" level="INFO">Element '//*[contains(text(),'Invalid')]' contains text 'Invalid username or password'.</msg>
<status status="PASS" starttime="20210325 11:03:19.480" endtime="20210325 11:03:19.527"></status>
</kw>
<status status="PASS" starttime="20210325 11:03:19.479" endtime="20210325 11:03:19.527"></status>
</kw>
<status status="PASS" starttime="20210325 11:03:18.070" endtime="20210325 11:03:19.528"></status>
</kw>
<kw name="End_Browser" library="common_functionality" type="teardown">
<kw name="Close Browser" library="SeleniumLibrary">
<doc>Closes the current browser.</doc>
<status status="PASS" starttime="20210325 11:03:19.530" endtime="20210325 11:03:23.046"></status>
</kw>
<status status="PASS" starttime="20210325 11:03:19.529" endtime="20210325 11:03:23.047"></status>
</kw>
<status status="PASS" starttime="20210325 11:03:12.942" endtime="20210325 11:03:23.047" critical="yes"></status>
</test>
<test id="s1-s1-s1-t2" name="TC2">
<kw name="Launch_Browser" library="common_functionality" type="setup">
<kw name="Append To Environment Variable" library="OperatingSystem">
<doc>Appends given ``values`` to environment variable ``name``.</doc>
<arguments>
<arg>PATH</arg>
<arg>${EXECDIR}${/}driver</arg>
</arguments>
<msg timestamp="20210325 11:03:23.050" level="INFO">Environment variable 'PATH' set to value 'C:/Users/JiDi/.p2/pool/plugins/org.eclipse.justj.openjdk.hotspot.jre.full.win32.x86_64_15.0.2.v20210201-0955/jre/bin/server;C:/Users/JiDi/.p2/pool/plugins/org.eclipse.justj.openjdk.hotspot.jre.full.win32.x86_64_15.0.2.v20210201-0955/jre/bin;C:\Program Files (x86)\Common Files\Oracle\Java\javapath;C:\WINDOWS\system32;C:\WINDOWS;C:\WINDOWS\System32\Wbem;C:\WINDOWS\System32\WindowsPowerShell\v1.0\;C:\WINDOWS\System32\OpenSSH\;C:\Program Files\Java\jdk1.8.0_281\bin;C:\Users\JiDi\AppData\Local\Android\Sdk\platform-tools;C:\Users\JiDi\AppData\Local\Android\Sdk\emulator;C:\Program Files\nodejs\;C:\Components\Maven\apache-maven-3.6.3\bin;C:\Program Files\Java\jdk1.8.0_281\bin;C:\Program Files\Git\cmd;C:\Program Files (x86)\Windows Kits\10\Windows Performance Toolkit\;C:\Program Files\Python39;C:\Program Files\Python39\Scripts;C:\Users\JiDi\AppData\Roaming\npm;;C:\Users\JiDi\Desktop;;D:\B-Mine\Company\Company\Ericsson\robot_workpace\OpenEmr\driver;D:\B-Mine\Company\Company\Ericsson\robot_workpace\OpenEmr\driver'.</msg>
<status status="PASS" starttime="20210325 11:03:23.049" endtime="20210325 11:03:23.050"></status>
</kw>
<kw name="Open Browser" library="SeleniumLibrary">
<doc>Opens a new browser instance to the optional ``url``.</doc>
<arguments>
<arg>browser=${BROWSER}</arg>
</arguments>
<msg timestamp="20210325 11:03:23.051" level="INFO">Opening browser 'chrome' to base url 'None'.</msg>
<status status="PASS" starttime="20210325 11:03:23.050" endtime="20210325 11:03:25.484"></status>
</kw>
<kw name="Maximize Browser Window" library="SeleniumLibrary">
<doc>Maximizes current browser window.</doc>
<status status="PASS" starttime="20210325 11:03:25.485" endtime="20210325 11:03:25.601"></status>
</kw>
<kw name="Go To" library="SeleniumLibrary">
<doc>Navigates the current browser window to the provided ``url``.</doc>
<arguments>
<arg>url=${URL}</arg>
</arguments>
<msg timestamp="20210325 11:03:25.602" level="INFO">Opening url 'https://demo.openemr.io/b/openemr/interface/login/login.php?site=default'</msg>
<status status="PASS" starttime="20210325 11:03:25.601" endtime="20210325 11:03:28.936"></status>
</kw>
<kw name="Set Selenium Implicit Wait" library="SeleniumLibrary">
<doc>Sets the implicit wait value used by Selenium.</doc>
<arguments>
<arg>30s</arg>
</arguments>
<status status="PASS" starttime="20210325 11:03:28.937" endtime="20210325 11:03:28.939"></status>
</kw>
<kw name="Set Selenium Timeout" library="SeleniumLibrary">
<doc>Sets the timeout that is used by various keywords.</doc>
<arguments>
<arg>50s</arg>
</arguments>
<status status="PASS" starttime="20210325 11:03:28.940" endtime="20210325 11:03:28.942"></status>
</kw>
<status status="PASS" starttime="20210325 11:03:23.049" endtime="20210325 11:03:28.942"></status>
</kw>
<kw name="Invalid_Credential_Template">
<arguments>
<arg>physician12</arg>
<arg>physician</arg>
<arg>English (Indian)</arg>
<arg>Invalid username or password</arg>
</arguments>
<kw name="Enter_Username" library="LoginPage">
<arguments>
<arg>${username}</arg>
</arguments>
<kw name="Input Text" library="SeleniumLibrary">
<doc>Types the given ``text`` into the text field identified by ``locator``.</doc>
<arguments>
<arg>${USERNAME_LOCATOR}</arg>
<arg>${username}</arg>
</arguments>
<msg timestamp="20210325 11:03:28.945" level="INFO">Typing text 'physician12' into text field 'xpath=//input[@id='authUser']'.</msg>
<status status="PASS" starttime="20210325 11:03:28.945" endtime="20210325 11:03:29.154"></status>
</kw>
<status status="PASS" starttime="20210325 11:03:28.943" endtime="20210325 11:03:29.155"></status>
</kw>
<kw name="Enter_Password" library="LoginPage">
<arguments>
<arg>${password}</arg>
</arguments>
<kw name="Input Password" library="SeleniumLibrary">
<doc>Types the given password into the text field identified by ``locator``.</doc>
<arguments>
<arg>${PASSWORD_LOCATOR}</arg>
<arg>${password}</arg>
</arguments>
<msg timestamp="20210325 11:03:29.157" level="INFO">Typing password into text field 'id=clearPass'.</msg>
<msg timestamp="20210325 11:03:29.219" level="INFO">Temporally setting log level to: NONE</msg>
<msg timestamp="20210325 11:03:29.285" level="INFO">Log level changed from NONE to INFO.</msg>
<status status="PASS" starttime="20210325 11:03:29.157" endtime="20210325 11:03:29.286"></status>
</kw>
<status status="PASS" starttime="20210325 11:03:29.156" endtime="20210325 11:03:29.286"></status>
</kw>
<kw name="Select_Language_Using_Label" library="LoginPage">
<arguments>
<arg>${language}</arg>
</arguments>
<kw name="Select From List By Label" library="SeleniumLibrary">
<doc>Selects options from selection list ``locator`` by ``labels``.</doc>
<arguments>
<arg>${LANGUAGE_LOCATOR}</arg>
<arg>${language}</arg>
</arguments>
<msg timestamp="20210325 11:03:29.287" level="INFO">Selecting options from selection list 'name=languageChoice' by label English (Indian).</msg>
<status status="PASS" starttime="20210325 11:03:29.287" endtime="20210325 11:03:29.366"></status>
</kw>
<status status="PASS" starttime="20210325 11:03:29.286" endtime="20210325 11:03:29.366"></status>
</kw>
<kw name="Click_Login" library="LoginPage">
<kw name="Click Element" library="SeleniumLibrary">
<doc>Click the element identified by ``locator``.</doc>
<arguments>
<arg>${LOGIN_LOCATOR}</arg>
</arguments>
<msg timestamp="20210325 11:03:29.368" level="INFO">Clicking element 'xpath=//button[@type='submit']'.</msg>
<status status="PASS" starttime="20210325 11:03:29.367" endtime="20210325 11:03:30.398"></status>
</kw>
<status status="PASS" starttime="20210325 11:03:29.367" endtime="20210325 11:03:30.398"></status>
</kw>
<kw name="Validate_Error_Message" library="LoginPage">
<arguments>
<arg>${expectedvalue}</arg>
</arguments>
<kw name="Element Should Contain" library="SeleniumLibrary">
<doc>Verifies that element ``locator`` contains text ``expected``.</doc>
<arguments>
<arg>${ERROR_LOCATOR}</arg>
<arg>${expectedvalue}</arg>
</arguments>
<msg timestamp="20210325 11:03:30.436" level="INFO">Element '//*[contains(text(),'Invalid')]' contains text 'Invalid username or password'.</msg>
<status status="PASS" starttime="20210325 11:03:30.400" endtime="20210325 11:03:30.437"></status>
</kw>
<status status="PASS" starttime="20210325 11:03:30.399" endtime="20210325 11:03:30.437"></status>
</kw>
<status status="PASS" starttime="20210325 11:03:28.943" endtime="20210325 11:03:30.438"></status>
</kw>
<kw name="End_Browser" library="common_functionality" type="teardown">
<kw name="Close Browser" library="SeleniumLibrary">
<doc>Closes the current browser.</doc>
<status status="PASS" starttime="20210325 11:03:30.439" endtime="20210325 11:03:32.813"></status>
</kw>
<status status="PASS" starttime="20210325 11:03:30.438" endtime="20210325 11:03:32.814"></status>
</kw>
<status status="PASS" starttime="20210325 11:03:23.048" endtime="20210325 11:03:32.814" critical="yes"></status>
</test>
<doc>This file test the invalid credentail error details</doc>
<status status="PASS" starttime="20210325 11:03:12.648" endtime="20210325 11:03:32.815"></status>
</suite>
<suite id="s1-s1-s2" name="Valid Credential Tests" source="D:\B-Mine\Company\Company\Ericsson\robot_workpace\OpenEmr\LoginSuite\valid_credential_tests.robot">
<test id="s1-s1-s2-t1" name="TC1">
<kw name="Launch_Browser" library="common_functionality" type="setup">
<kw name="Append To Environment Variable" library="OperatingSystem">
<doc>Appends given ``values`` to environment variable ``name``.</doc>
<arguments>
<arg>PATH</arg>
<arg>${EXECDIR}${/}driver</arg>
</arguments>
<msg timestamp="20210325 11:03:32.831" level="INFO">Environment variable 'PATH' set to value 'C:/Users/JiDi/.p2/pool/plugins/org.eclipse.justj.openjdk.hotspot.jre.full.win32.x86_64_15.0.2.v20210201-0955/jre/bin/server;C:/Users/JiDi/.p2/pool/plugins/org.eclipse.justj.openjdk.hotspot.jre.full.win32.x86_64_15.0.2.v20210201-0955/jre/bin;C:\Program Files (x86)\Common Files\Oracle\Java\javapath;C:\WINDOWS\system32;C:\WINDOWS;C:\WINDOWS\System32\Wbem;C:\WINDOWS\System32\WindowsPowerShell\v1.0\;C:\WINDOWS\System32\OpenSSH\;C:\Program Files\Java\jdk1.8.0_281\bin;C:\Users\JiDi\AppData\Local\Android\Sdk\platform-tools;C:\Users\JiDi\AppData\Local\Android\Sdk\emulator;C:\Program Files\nodejs\;C:\Components\Maven\apache-maven-3.6.3\bin;C:\Program Files\Java\jdk1.8.0_281\bin;C:\Program Files\Git\cmd;C:\Program Files (x86)\Windows Kits\10\Windows Performance Toolkit\;C:\Program Files\Python39;C:\Program Files\Python39\Scripts;C:\Users\JiDi\AppData\Roaming\npm;;C:\Users\JiDi\Desktop;;D:\B-Mine\Company\Company\Ericsson\robot_workpace\OpenEmr\driver;D:\B-Mine\Company\Company\Ericsson\robot_workpace\OpenEmr\driver;D:\B-Mine\Company\Company\Ericsson\robot_workpace\OpenEmr\driver'.</msg>
<status status="PASS" starttime="20210325 11:03:32.830" endtime="20210325 11:03:32.831"></status>
</kw>
<kw name="Open Browser" library="SeleniumLibrary">
<doc>Opens a new browser instance to the optional ``url``.</doc>
<arguments>
<arg>browser=${BROWSER}</arg>
</arguments>
<msg timestamp="20210325 11:03:32.832" level="INFO">Opening browser 'chrome' to base url 'None'.</msg>
<status status="PASS" starttime="20210325 11:03:32.831" endtime="20210325 11:03:34.083"></status>
</kw>
<kw name="Maximize Browser Window" library="SeleniumLibrary">
<doc>Maximizes current browser window.</doc>
<status status="PASS" starttime="20210325 11:03:34.083" endtime="20210325 11:03:34.205"></status>
</kw>
<kw name="Go To" library="SeleniumLibrary">
<doc>Navigates the current browser window to the provided ``url``.</doc>
<arguments>
<arg>url=${URL}</arg>
</arguments>
<msg timestamp="20210325 11:03:34.206" level="INFO">Opening url 'https://demo.openemr.io/b/openemr/interface/login/login.php?site=default'</msg>
<status status="PASS" starttime="20210325 11:03:34.205" endtime="20210325 11:03:37.301"></status>
</kw>
<kw name="Set Selenium Implicit Wait" library="SeleniumLibrary">
<doc>Sets the implicit wait value used by Selenium.</doc>
<arguments>
<arg>30s</arg>
</arguments>
<status status="PASS" starttime="20210325 11:03:37.301" endtime="20210325 11:03:37.305"></status>
</kw>
<kw name="Set Selenium Timeout" library="SeleniumLibrary">
<doc>Sets the timeout that is used by various keywords.</doc>
<arguments>
<arg>50s</arg>
</arguments>
<status status="PASS" starttime="20210325 11:03:37.305" endtime="20210325 11:03:37.308"></status>
</kw>
<status status="PASS" starttime="20210325 11:03:32.829" endtime="20210325 11:03:37.308"></status>
</kw>
<kw name="Valid_Credential_Template">
<arguments>
<arg>admin</arg>
<arg>pass</arg>
<arg>English (Indian)</arg>
<arg>Flow Board</arg>
</arguments>
<kw name="Enter_Username" library="LoginPage">
<arguments>
<arg>${username}</arg>
</arguments>
<kw name="Input Text" library="SeleniumLibrary">
<doc>Types the given ``text`` into the text field identified by ``locator``.</doc>
<arguments>
<arg>${USERNAME_LOCATOR}</arg>
<arg>${username}</arg>
</arguments>
<msg timestamp="20210325 11:03:37.312" level="INFO">Typing text 'admin' into text field 'xpath=//input[@id='authUser']'.</msg>
<status status="PASS" starttime="20210325 11:03:37.311" endtime="20210325 11:03:37.441"></status>
</kw>
<status status="PASS" starttime="20210325 11:03:37.310" endtime="20210325 11:03:37.442"></status>
</kw>
<kw name="Enter_Password" library="LoginPage">
<arguments>
<arg>${password}</arg>
</arguments>
<kw name="Input Password" library="SeleniumLibrary">
<doc>Types the given password into the text field identified by ``locator``.</doc>
<arguments>
<arg>${PASSWORD_LOCATOR}</arg>
<arg>${password}</arg>
</arguments>
<msg timestamp="20210325 11:03:37.443" level="INFO">Typing password into text field 'id=clearPass'.</msg>
<msg timestamp="20210325 11:03:37.511" level="INFO">Temporally setting log level to: NONE</msg>
<msg timestamp="20210325 11:03:37.570" level="INFO">Log level changed from NONE to INFO.</msg>
<status status="PASS" starttime="20210325 11:03:37.443" endtime="20210325 11:03:37.570"></status>
</kw>
<status status="PASS" starttime="20210325 11:03:37.442" endtime="20210325 11:03:37.570"></status>
</kw>
<kw name="Select_Language_Using_Label" library="LoginPage">
<arguments>
<arg>${language}</arg>
</arguments>
<kw name="Select From List By Label" library="SeleniumLibrary">
<doc>Selects options from selection list ``locator`` by ``labels``.</doc>
<arguments>
<arg>${LANGUAGE_LOCATOR}</arg>
<arg>${language}</arg>
</arguments>
<msg timestamp="20210325 11:03:37.572" level="INFO">Selecting options from selection list 'name=languageChoice' by label English (Indian).</msg>
<status status="PASS" starttime="20210325 11:03:37.571" endtime="20210325 11:03:37.651"></status>
</kw>
<status status="PASS" starttime="20210325 11:03:37.571" endtime="20210325 11:03:37.652"></status>
</kw>
<kw name="Click_Login" library="LoginPage">
<kw name="Click Element" library="SeleniumLibrary">
<doc>Click the element identified by ``locator``.</doc>
<arguments>
<arg>${LOGIN_LOCATOR}</arg>
</arguments>
<msg timestamp="20210325 11:03:37.654" level="INFO">Clicking element 'xpath=//button[@type='submit']'.</msg>
<status status="PASS" starttime="20210325 11:03:37.653" endtime="20210325 11:03:40.769"></status>
</kw>
<status status="PASS" starttime="20210325 11:03:37.652" endtime="20210325 11:03:40.770"></status>
</kw>
<kw name="Dashboard_Page_Should_Contain" library="DashboardPage">
<arguments>
<arg>${expectedvalue}</arg>
</arguments>
<kw name="Wait Until Page Contains Element" library="SeleniumLibrary">
<doc>Waits until the element ``locator`` appears on the current page.</doc>
<arguments>
<arg>${PROFILENAME_LOCATOR}</arg>
<arg>timeout=30s</arg>
</arguments>
<status status="PASS" starttime="20210325 11:03:40.771" endtime="20210325 11:03:40.789"></status>
</kw>
<kw name="Page Should Contain" library="SeleniumLibrary">
<doc>Verifies that current page contains ``text``.</doc>
<arguments>
<arg>${expectedtext}</arg>
</arguments>
<msg timestamp="20210325 11:03:40.804" level="INFO">Current page contains text 'Flow Board'.</msg>
<status status="PASS" starttime="20210325 11:03:40.789" endtime="20210325 11:03:40.805"></status>
</kw>
<status status="PASS" starttime="20210325 11:03:40.770" endtime="20210325 11:03:40.805"></status>
</kw>
<kw name="Mouse_Over_Profile_Name" library="DashboardPage">
<kw name="Mouse Over" library="SeleniumLibrary">
<doc>Simulates hovering the mouse over the element ``locator``.</doc>
<arguments>
<arg>${PROFILENAME_LOCATOR}</arg>
</arguments>
<msg timestamp="20210325 11:03:40.806" level="INFO">Simulating Mouse Over on element 'xpath=//span[@data-bind='text:fname']'.</msg>
<status status="PASS" starttime="20210325 11:03:40.806" endtime="20210325 11:03:41.075"></status>
</kw>
<status status="PASS" starttime="20210325 11:03:40.805" endtime="20210325 11:03:41.076"></status>
</kw>
<kw name="Click_LogOut" library="DashboardPage">
<kw name="Click Element" library="SeleniumLibrary">
<doc>Click the element identified by ``locator``.</doc>
<arguments>
<arg>${LOGOUT_LOCATOR}</arg>
</arguments>
<msg timestamp="20210325 11:03:41.078" level="INFO">Clicking element 'xpath=//li[text()='Logout']'.</msg>
<status status="PASS" starttime="20210325 11:03:41.078" endtime="20210325 11:03:41.134"></status>
</kw>
<status status="PASS" starttime="20210325 11:03:41.077" endtime="20210325 11:03:41.135"></status>
</kw>
<status status="PASS" starttime="20210325 11:03:37.308" endtime="20210325 11:03:41.135"></status>
</kw>
<kw name="End_Browser" library="common_functionality" type="teardown">
<kw name="Close Browser" library="SeleniumLibrary">
<doc>Closes the current browser.</doc>
<status status="PASS" starttime="20210325 11:03:41.136" endtime="20210325 11:03:43.506"></status>
</kw>
<status status="PASS" starttime="20210325 11:03:41.136" endtime="20210325 11:03:43.507"></status>
</kw>
<status status="PASS" starttime="20210325 11:03:32.829" endtime="20210325 11:03:43.507" critical="yes"></status>
</test>
<test id="s1-s1-s2-t2" name="TC2">
<kw name="Launch_Browser" library="common_functionality" type="setup">
<kw name="Append To Environment Variable" library="OperatingSystem">
<doc>Appends given ``values`` to environment variable ``name``.</doc>
<arguments>
<arg>PATH</arg>
<arg>${EXECDIR}${/}driver</arg>
</arguments>
<msg timestamp="20210325 11:03:43.509" level="INFO">Environment variable 'PATH' set to value 'C:/Users/JiDi/.p2/pool/plugins/org.eclipse.justj.openjdk.hotspot.jre.full.win32.x86_64_15.0.2.v20210201-0955/jre/bin/server;C:/Users/JiDi/.p2/pool/plugins/org.eclipse.justj.openjdk.hotspot.jre.full.win32.x86_64_15.0.2.v20210201-0955/jre/bin;C:\Program Files (x86)\Common Files\Oracle\Java\javapath;C:\WINDOWS\system32;C:\WINDOWS;C:\WINDOWS\System32\Wbem;C:\WINDOWS\System32\WindowsPowerShell\v1.0\;C:\WINDOWS\System32\OpenSSH\;C:\Program Files\Java\jdk1.8.0_281\bin;C:\Users\JiDi\AppData\Local\Android\Sdk\platform-tools;C:\Users\JiDi\AppData\Local\Android\Sdk\emulator;C:\Program Files\nodejs\;C:\Components\Maven\apache-maven-3.6.3\bin;C:\Program Files\Java\jdk1.8.0_281\bin;C:\Program Files\Git\cmd;C:\Program Files (x86)\Windows Kits\10\Windows Performance Toolkit\;C:\Program Files\Python39;C:\Program Files\Python39\Scripts;C:\Users\JiDi\AppData\Roaming\npm;;C:\Users\JiDi\Desktop;;D:\B-Mine\Company\Company\Ericsson\robot_workpace\OpenEmr\driver;D:\B-Mine\Company\Company\Ericsson\robot_workpace\OpenEmr\driver;D:\B-Mine\Company\Company\Ericsson\robot_workpace\OpenEmr\driver;D:\B-Mine\Company\Company\Ericsson\robot_workpace\OpenEmr\driver'.</msg>
<status status="PASS" starttime="20210325 11:03:43.509" endtime="20210325 11:03:43.510"></status>
</kw>
<kw name="Open Browser" library="SeleniumLibrary">
<doc>Opens a new browser instance to the optional ``url``.</doc>
<arguments>
<arg>browser=${BROWSER}</arg>
</arguments>
<msg timestamp="20210325 11:03:43.510" level="INFO">Opening browser 'chrome' to base url 'None'.</msg>
<status status="PASS" starttime="20210325 11:03:43.510" endtime="20210325 11:03:44.938"></status>
</kw>
<kw name="Maximize Browser Window" library="SeleniumLibrary">
<doc>Maximizes current browser window.</doc>
<status status="PASS" starttime="20210325 11:03:44.938" endtime="20210325 11:03:45.057"></status>
</kw>
<kw name="Go To" library="SeleniumLibrary">
<doc>Navigates the current browser window to the provided ``url``.</doc>
<arguments>
<arg>url=${URL}</arg>
</arguments>
<msg timestamp="20210325 11:03:45.059" level="INFO">Opening url 'https://demo.openemr.io/b/openemr/interface/login/login.php?site=default'</msg>
<status status="PASS" starttime="20210325 11:03:45.058" endtime="20210325 11:03:48.146"></status>
</kw>
<kw name="Set Selenium Implicit Wait" library="SeleniumLibrary">
<doc>Sets the implicit wait value used by Selenium.</doc>
<arguments>
<arg>30s</arg>
</arguments>
<status status="PASS" starttime="20210325 11:03:48.146" endtime="20210325 11:03:48.150"></status>
</kw>
<kw name="Set Selenium Timeout" library="SeleniumLibrary">
<doc>Sets the timeout that is used by various keywords.</doc>
<arguments>
<arg>50s</arg>
</arguments>
<status status="PASS" starttime="20210325 11:03:48.150" endtime="20210325 11:03:48.152"></status>
</kw>
<status status="PASS" starttime="20210325 11:03:43.508" endtime="20210325 11:03:48.153"></status>
</kw>
<kw name="Valid_Credential_Template">
<arguments>
<arg>physician</arg>
<arg>physician</arg>
<arg>English (Indian)</arg>
<arg>Flow Board</arg>
</arguments>
<kw name="Enter_Username" library="LoginPage">
<arguments>
<arg>${username}</arg>
</arguments>
<kw name="Input Text" library="SeleniumLibrary">
<doc>Types the given ``text`` into the text field identified by ``locator``.</doc>
<arguments>
<arg>${USERNAME_LOCATOR}</arg>
<arg>${username}</arg>
</arguments>
<msg timestamp="20210325 11:03:48.157" level="INFO">Typing text 'physician' into text field 'xpath=//input[@id='authUser']'.</msg>
<status status="PASS" starttime="20210325 11:03:48.156" endtime="20210325 11:03:48.289"></status>
</kw>
<status status="PASS" starttime="20210325 11:03:48.155" endtime="20210325 11:03:48.289"></status>
</kw>
<kw name="Enter_Password" library="LoginPage">
<arguments>
<arg>${password}</arg>
</arguments>
<kw name="Input Password" library="SeleniumLibrary">
<doc>Types the given password into the text field identified by ``locator``.</doc>
<arguments>
<arg>${PASSWORD_LOCATOR}</arg>
<arg>${password}</arg>
</arguments>
<msg timestamp="20210325 11:03:48.290" level="INFO">Typing password into text field 'id=clearPass'.</msg>
<msg timestamp="20210325 11:03:48.357" level="INFO">Temporally setting log level to: NONE</msg>
<msg timestamp="20210325 11:03:48.423" level="INFO">Log level changed from NONE to INFO.</msg>
<status status="PASS" starttime="20210325 11:03:48.290" endtime="20210325 11:03:48.423"></status>
</kw>
<status status="PASS" starttime="20210325 11:03:48.289" endtime="20210325 11:03:48.423"></status>
</kw>
<kw name="Select_Language_Using_Label" library="LoginPage">
<arguments>
<arg>${language}</arg>
</arguments>
<kw name="Select From List By Label" library="SeleniumLibrary">
<doc>Selects options from selection list ``locator`` by ``labels``.</doc>
<arguments>
<arg>${LANGUAGE_LOCATOR}</arg>
<arg>${language}</arg>
</arguments>
<msg timestamp="20210325 11:03:48.425" level="INFO">Selecting options from selection list 'name=languageChoice' by label English (Indian).</msg>
<status status="PASS" starttime="20210325 11:03:48.424" endtime="20210325 11:03:48.510"></status>
</kw>
<status status="PASS" starttime="20210325 11:03:48.423" endtime="20210325 11:03:48.511"></status>
</kw>
<kw name="Click_Login" library="LoginPage">
<kw name="Click Element" library="SeleniumLibrary">
<doc>Click the element identified by ``locator``.</doc>
<arguments>
<arg>${LOGIN_LOCATOR}</arg>
</arguments>
<msg timestamp="20210325 11:03:48.513" level="INFO">Clicking element 'xpath=//button[@type='submit']'.</msg>
<status status="PASS" starttime="20210325 11:03:48.512" endtime="20210325 11:03:51.743"></status>
</kw>
<status status="PASS" starttime="20210325 11:03:48.511" endtime="20210325 11:03:51.744"></status>
</kw>
<kw name="Dashboard_Page_Should_Contain" library="DashboardPage">
<arguments>
<arg>${expectedvalue}</arg>
</arguments>
<kw name="Wait Until Page Contains Element" library="SeleniumLibrary">
<doc>Waits until the element ``locator`` appears on the current page.</doc>
<arguments>
<arg>${PROFILENAME_LOCATOR}</arg>
<arg>timeout=30s</arg>
</arguments>
<status status="PASS" starttime="20210325 11:03:51.745" endtime="20210325 11:03:51.766"></status>
</kw>
<kw name="Page Should Contain" library="SeleniumLibrary">
<doc>Verifies that current page contains ``text``.</doc>
<arguments>
<arg>${expectedtext}</arg>
</arguments>
<msg timestamp="20210325 11:03:51.782" level="INFO">Current page contains text 'Flow Board'.</msg>
<status status="PASS" starttime="20210325 11:03:51.766" endtime="20210325 11:03:51.782"></status>
</kw>
<status status="PASS" starttime="20210325 11:03:51.744" endtime="20210325 11:03:51.782"></status>
</kw>
<kw name="Mouse_Over_Profile_Name" library="DashboardPage">
<kw name="Mouse Over" library="SeleniumLibrary">
<doc>Simulates hovering the mouse over the element ``locator``.</doc>
<arguments>
<arg>${PROFILENAME_LOCATOR}</arg>
</arguments>
<msg timestamp="20210325 11:03:51.783" level="INFO">Simulating Mouse Over on element 'xpath=//span[@data-bind='text:fname']'.</msg>
<status status="PASS" starttime="20210325 11:03:51.783" endtime="20210325 11:03:52.052"></status>
</kw>
<status status="PASS" starttime="20210325 11:03:51.783" endtime="20210325 11:03:52.053"></status>
</kw>
<kw name="Click_LogOut" library="DashboardPage">
<kw name="Click Element" library="SeleniumLibrary">
<doc>Click the element identified by ``locator``.</doc>
<arguments>
<arg>${LOGOUT_LOCATOR}</arg>
</arguments>
<msg timestamp="20210325 11:03:52.058" level="INFO">Clicking element 'xpath=//li[text()='Logout']'.</msg>
<status status="PASS" starttime="20210325 11:03:52.056" endtime="20210325 11:03:52.124"></status>
</kw>
<status status="PASS" starttime="20210325 11:03:52.054" endtime="20210325 11:03:52.125"></status>
</kw>
<status status="PASS" starttime="20210325 11:03:48.154" endtime="20210325 11:03:52.125"></status>
</kw>
<kw name="End_Browser" library="common_functionality" type="teardown">
<kw name="Close Browser" library="SeleniumLibrary">
<doc>Closes the current browser.</doc>
<status status="PASS" starttime="20210325 11:03:52.126" endtime="20210325 11:03:54.440"></status>
</kw>
<status status="PASS" starttime="20210325 11:03:52.126" endtime="20210325 11:03:54.441"></status>
</kw>
<status status="PASS" starttime="20210325 11:03:43.508" endtime="20210325 11:03:54.441" critical="yes"></status>
</test>
<test id="s1-s1-s2-t3" name="TC3">
<kw name="Launch_Browser" library="common_functionality" type="setup">
<kw name="Append To Environment Variable" library="OperatingSystem">
<doc>Appends given ``values`` to environment variable ``name``.</doc>
<arguments>
<arg>PATH</arg>
<arg>${EXECDIR}${/}driver</arg>
</arguments>
<msg timestamp="20210325 11:03:54.444" level="INFO">Environment variable 'PATH' set to value 'C:/Users/JiDi/.p2/pool/plugins/org.eclipse.justj.openjdk.hotspot.jre.full.win32.x86_64_15.0.2.v20210201-0955/jre/bin/server;C:/Users/JiDi/.p2/pool/plugins/org.eclipse.justj.openjdk.hotspot.jre.full.win32.x86_64_15.0.2.v20210201-0955/jre/bin;C:\Program Files (x86)\Common Files\Oracle\Java\javapath;C:\WINDOWS\system32;C:\WINDOWS;C:\WINDOWS\System32\Wbem;C:\WINDOWS\System32\WindowsPowerShell\v1.0\;C:\WINDOWS\System32\OpenSSH\;C:\Program Files\Java\jdk1.8.0_281\bin;C:\Users\JiDi\AppData\Local\Android\Sdk\platform-tools;C:\Users\JiDi\AppData\Local\Android\Sdk\emulator;C:\Program Files\nodejs\;C:\Components\Maven\apache-maven-3.6.3\bin;C:\Program Files\Java\jdk1.8.0_281\bin;C:\Program Files\Git\cmd;C:\Program Files (x86)\Windows Kits\10\Windows Performance Toolkit\;C:\Program Files\Python39;C:\Program Files\Python39\Scripts;C:\Users\JiDi\AppData\Roaming\npm;;C:\Users\JiDi\Desktop;;D:\B-Mine\Company\Company\Ericsson\robot_workpace\OpenEmr\driver;D:\B-Mine\Company\Company\Ericsson\robot_workpace\OpenEmr\driver;D:\B-Mine\Company\Company\Ericsson\robot_workpace\OpenEmr\driver;D:\B-Mine\Company\Company\Ericsson\robot_workpace\OpenEmr\driver;D:\B-Mine\Company\Company\Ericsson\robot_workpace\OpenEmr\driver'.</msg>
<status status="PASS" starttime="20210325 11:03:54.443" endtime="20210325 11:03:54.444"></status>
</kw>
<kw name="Open Browser" library="SeleniumLibrary">
<doc>Opens a new browser instance to the optional ``url``.</doc>
<arguments>
<arg>browser=${BROWSER}</arg>
</arguments>
<msg timestamp="20210325 11:03:54.445" level="INFO">Opening browser 'chrome' to base url 'None'.</msg>
<status status="PASS" starttime="20210325 11:03:54.444" endtime="20210325 11:03:55.738"></status>
</kw>
<kw name="Maximize Browser Window" library="SeleniumLibrary">
<doc>Maximizes current browser window.</doc>
<status status="PASS" starttime="20210325 11:03:55.739" endtime="20210325 11:03:55.861"></status>
</kw>
<kw name="Go To" library="SeleniumLibrary">
<doc>Navigates the current browser window to the provided ``url``.</doc>
<arguments>
<arg>url=${URL}</arg>
</arguments>
<msg timestamp="20210325 11:03:55.862" level="INFO">Opening url 'https://demo.openemr.io/b/openemr/interface/login/login.php?site=default'</msg>
<status status="PASS" starttime="20210325 11:03:55.861" endtime="20210325 11:03:59.107"></status>
</kw>
<kw name="Set Selenium Implicit Wait" library="SeleniumLibrary">
<doc>Sets the implicit wait value used by Selenium.</doc>
<arguments>
<arg>30s</arg>
</arguments>
<status status="PASS" starttime="20210325 11:03:59.108" endtime="20210325 11:03:59.111"></status>
</kw>
<kw name="Set Selenium Timeout" library="SeleniumLibrary">
<doc>Sets the timeout that is used by various keywords.</doc>
<arguments>
<arg>50s</arg>
</arguments>
<status status="PASS" starttime="20210325 11:03:59.111" endtime="20210325 11:03:59.113"></status>
</kw>
<status status="PASS" starttime="20210325 11:03:54.442" endtime="20210325 11:03:59.114"></status>
</kw>
<kw name="Valid_Credential_Template">
<arguments>
<arg>accountant</arg>
<arg>accountant</arg>
<arg>English (Indian)</arg>
<arg>Flow Board</arg>
</arguments>
<kw name="Enter_Username" library="LoginPage">
<arguments>
<arg>${username}</arg>
</arguments>
<kw name="Input Text" library="SeleniumLibrary">
<doc>Types the given ``text`` into the text field identified by ``locator``.</doc>
<arguments>
<arg>${USERNAME_LOCATOR}</arg>
<arg>${username}</arg>
</arguments>
<msg timestamp="20210325 11:03:59.118" level="INFO">Typing text 'accountant' into text field 'xpath=//input[@id='authUser']'.</msg>
<status status="PASS" starttime="20210325 11:03:59.116" endtime="20210325 11:03:59.265"></status>
</kw>
<status status="PASS" starttime="20210325 11:03:59.115" endtime="20210325 11:03:59.265"></status>
</kw>
<kw name="Enter_Password" library="LoginPage">
<arguments>
<arg>${password}</arg>
</arguments>
<kw name="Input Password" library="SeleniumLibrary">
<doc>Types the given password into the text field identified by ``locator``.</doc>
<arguments>
<arg>${PASSWORD_LOCATOR}</arg>
<arg>${password}</arg>
</arguments>
<msg timestamp="20210325 11:03:59.267" level="INFO">Typing password into text field 'id=clearPass'.</msg>
<msg timestamp="20210325 11:03:59.321" level="INFO">Temporally setting log level to: NONE</msg>
<msg timestamp="20210325 11:03:59.384" level="INFO">Log level changed from NONE to INFO.</msg>
<status status="PASS" starttime="20210325 11:03:59.266" endtime="20210325 11:03:59.384"></status>
</kw>
<status status="PASS" starttime="20210325 11:03:59.265" endtime="20210325 11:03:59.384"></status>
</kw>
<kw name="Select_Language_Using_Label" library="LoginPage">
<arguments>
<arg>${language}</arg>
</arguments>
<kw name="Select From List By Label" library="SeleniumLibrary">
<doc>Selects options from selection list ``locator`` by ``labels``.</doc>
<arguments>
<arg>${LANGUAGE_LOCATOR}</arg>
<arg>${language}</arg>
</arguments>
<msg timestamp="20210325 11:03:59.385" level="INFO">Selecting options from selection list 'name=languageChoice' by label English (Indian).</msg>
<status status="PASS" starttime="20210325 11:03:59.385" endtime="20210325 11:03:59.460"></status>
</kw>
<status status="PASS" starttime="20210325 11:03:59.384" endtime="20210325 11:03:59.460"></status>
</kw>
<kw name="Click_Login" library="LoginPage">
<kw name="Click Element" library="SeleniumLibrary">
<doc>Click the element identified by ``locator``.</doc>
<arguments>
<arg>${LOGIN_LOCATOR}</arg>
</arguments>
<msg timestamp="20210325 11:03:59.461" level="INFO">Clicking element 'xpath=//button[@type='submit']'.</msg>
<status status="PASS" starttime="20210325 11:03:59.461" endtime="20210325 11:04:03.630"></status>
</kw>
<status status="PASS" starttime="20210325 11:03:59.460" endtime="20210325 11:04:03.631"></status>
</kw>
<kw name="Dashboard_Page_Should_Contain" library="DashboardPage">
<arguments>
<arg>${expectedvalue}</arg>
</arguments>
<kw name="Wait Until Page Contains Element" library="SeleniumLibrary">
<doc>Waits until the element ``locator`` appears on the current page.</doc>
<arguments>
<arg>${PROFILENAME_LOCATOR}</arg>
<arg>timeout=30s</arg>
</arguments>
<status status="PASS" starttime="20210325 11:04:03.632" endtime="20210325 11:04:03.648"></status>
</kw>
<kw name="Page Should Contain" library="SeleniumLibrary">
<doc>Verifies that current page contains ``text``.</doc>
<arguments>
<arg>${expectedtext}</arg>
</arguments>
<msg timestamp="20210325 11:04:03.666" level="INFO">Current page contains text 'Flow Board'.</msg>
<status status="PASS" starttime="20210325 11:04:03.648" endtime="20210325 11:04:03.666"></status>
</kw>
<status status="PASS" starttime="20210325 11:04:03.631" endtime="20210325 11:04:03.667"></status>
</kw>
<kw name="Mouse_Over_Profile_Name" library="DashboardPage">
<kw name="Mouse Over" library="SeleniumLibrary">
<doc>Simulates hovering the mouse over the element ``locator``.</doc>
<arguments>
<arg>${PROFILENAME_LOCATOR}</arg>
</arguments>
<msg timestamp="20210325 11:04:03.668" level="INFO">Simulating Mouse Over on element 'xpath=//span[@data-bind='text:fname']'.</msg>
<status status="PASS" starttime="20210325 11:04:03.668" endtime="20210325 11:04:03.961"></status>
</kw>
<status status="PASS" starttime="20210325 11:04:03.667" endtime="20210325 11:04:03.961"></status>
</kw>
<kw name="Click_LogOut" library="DashboardPage">
<kw name="Click Element" library="SeleniumLibrary">
<doc>Click the element identified by ``locator``.</doc>
<arguments>
<arg>${LOGOUT_LOCATOR}</arg>
</arguments>
<msg timestamp="20210325 11:04:03.962" level="INFO">Clicking element 'xpath=//li[text()='Logout']'.</msg>
<status status="PASS" starttime="20210325 11:04:03.962" endtime="20210325 11:04:04.027"></status>
</kw>
<status status="PASS" starttime="20210325 11:04:03.961" endtime="20210325 11:04:04.027"></status>
</kw>
<status status="PASS" starttime="20210325 11:03:59.114" endtime="20210325 11:04:04.028"></status>
</kw>
<kw name="End_Browser" library="common_functionality" type="teardown">
<kw name="Close Browser" library="SeleniumLibrary">
<doc>Closes the current browser.</doc>
<status status="PASS" starttime="20210325 11:04:04.029" endtime="20210325 11:04:06.405"></status>
</kw>
<status status="PASS" starttime="20210325 11:04:04.028" endtime="20210325 11:04:06.405"></status>
</kw>
<status status="PASS" starttime="20210325 11:03:54.442" endtime="20210325 11:04:06.405" critical="yes"></status>
</test>
<doc>This file validates the positive credentials
on the open emr demo application</doc>
<status status="PASS" starttime="20210325 11:03:32.818" endtime="20210325 11:04:06.406"></status>
</suite>
<status status="PASS" starttime="20210325 11:03:12.645" endtime="20210325 11:04:06.410"></status>
</suite>
<status status="PASS" starttime="20210325 11:03:12.617" endtime="20210325 11:04:06.413"></status>
</suite>
<statistics>
<total>
<stat pass="5" fail="0">Critical Tests</stat>
<stat pass="5" fail="0">All Tests</stat>
</total>
<tag>
</tag>
<suite>
<stat pass="5" fail="0" id="s1" name="OpenEmr">OpenEmr</stat>
<stat pass="5" fail="0" id="s1-s1" name="LoginSuite">OpenEmr.LoginSuite</stat>
<stat pass="2" fail="0" id="s1-s1-s1" name="Invalid Credential Tests">OpenEmr.LoginSuite.Invalid Credential Tests</stat>
<stat pass="3" fail="0" id="s1-s1-s2" name="Valid Credential Tests">OpenEmr.LoginSuite.Valid Credential Tests</stat>
</suite>
</statistics>
<errors>
</errors>
</robot>
